<?xml version="1.0" encoding="UTF-8" ?>
<testsuite tests="49" failures="2" name="org.maxwu.jrefresh.selenium.TemperatureConverterTest" time="4.472" errors="0" skipped="0">
  <properties>
[...]
</properties>
  <testcase classname="Scenario: Open Temperature Convertor" name="Given Web browser initialized" time="0.002"/>
  <testcase classname="Scenario: Open Temperature Convertor" name="Given Google Entrance Page with:" time="0.002"/>
  <testcase classname="Scenario: Open Temperature Convertor" name="When Search &quot;temperature converter&quot;" time="0"/>
  <testcase classname="Scenario: Open Temperature Convertor" name="Then The page title is &quot;temperature converter&quot;" time="0.001"/>
  <testcase classname="Scenario: Open Temperature Convertor" name="And There is a &quot;Temperature&quot; option selected" time="0"/>
  <testcase classname="Scenario: Open Temperature Convertor" name="Scenario: Open Temperature Convertor" time="0.493"/>
  <testcase classname="Scenario: Calculate temperature degrees" name="Given Temperature background check" time="0"/>
  <testcase classname="Scenario: Calculate temperature degrees" name="Given &quot;Fahrenheit&quot; select is present" time="0.001"/>
  <testcase classname="Scenario: Calculate temperature degrees" name="And &quot;Celsius&quot; select is present" time="0"/>
  <testcase classname="Scenario: Calculate temperature degrees" name="When Input data from the table:" time="0"/>
  <testcase classname="Scenario: Calculate temperature degrees" name="Then Results are correct as on table" time="0"/>
  <testcase classname="Scenario: Calculate temperature degrees" name="Scenario: Calculate temperature degrees" time="0.916"/>
  <testcase classname="| 100 | 212 |" name="Given Temperature background check" time="0.001"/>
  <testcase classname="| 100 | 212 |" name="Given Google search page with predefined keywords" time="0"/>
  <testcase classname="| 100 | 212 |" name="When Enter Celsius degree as &quot;100&quot;" time="0"/>
  <testcase classname="| 100 | 212 |" name="Then Check the value against &quot;212&quot;" time="0"/>
  <testcase classname="| 100 | 212 |" name="| 100 | 212 |" time="0.654"/>
  <testcase classname="| 0 | 32 |" name="Given Temperature background check" time="0"/>
  <testcase classname="| 0 | 32 |" name="Given Google search page with predefined keywords" time="0"/>
  <testcase classname="| 0 | 32 |" name="When Enter Celsius degree as &quot;0&quot;" time="0"/>
  <testcase classname="| 0 | 32 |" name="Then Check the value against &quot;32&quot;" time="0"/>
  <testcase classname="| 0 | 32 |" name="| 0 | 32 |" time="0.612"/>
  <testcase classname="| -100 | -148 |" name="Given Temperature background check" time="0"/>
  <testcase classname="| -100 | -148 |" name="Given Google search page with predefined keywords" time="0"/>
  <testcase classname="| -100 | -148 |" name="When Enter Celsius degree as &quot;-100&quot;" time="0"/>
  <testcase classname="| -100 | -148 |" name="Then Check the value against &quot;-148&quot;" time="0"/>
  <testcase classname="| -100 | -148 |" name="| -100 | -148 |" time="0.376"/>
  <testcase classname="| 65535 | 117995 |" name="Given Temperature background check" time="0"/>
  <testcase classname="| 65535 | 117995 |" name="Given Google search page with predefined keywords" time="0"/>
  <testcase classname="| 65535 | 117995 |" name="When Enter Celsius degree as &quot;65535&quot;" time="0.001"/>
  <testcase classname="| 65535 | 117995 |" name="Then Check the value against &quot;117995&quot;" time="0.036">
    <failure message="expected:&lt;[117995]&gt; but was:&lt;[32]&gt;" type="org.junit.ComparisonFailure">org.junit.ComparisonFailure: expected:&lt;[117995]&gt; but was:&lt;[32]&gt;
	at org.junit.Assert.assertEquals(Assert.java:115)
	at org.junit.Assert.assertEquals(Assert.java:144)
	at org.maxwu.jrefresh.selenium.stepdefs.TemperatureConverterCalStepdef.check_fahrenheit_degree(TemperatureConverterCalStepdef.java:170)
	at ✽.Then Check the value against &quot;117995&quot;(10_Convert_Celsius_To_Fahrenheit.feature:21)
</failure>
  </testcase>
  <testcase classname="| 65535 | 117995 |" name="| 65535 | 117995 |" time="0.038">
    <failure message="expected:&lt;[117995]&gt; but was:&lt;[32]&gt;" type="org.junit.ComparisonFailure">org.junit.ComparisonFailure: expected:&lt;[117995]&gt; but was:&lt;[32]&gt;
	at org.junit.Assert.assertEquals(Assert.java:115)
	at org.junit.Assert.assertEquals(Assert.java:144)
	at org.maxwu.jrefresh.selenium.stepdefs.TemperatureConverterCalStepdef.check_fahrenheit_degree(TemperatureConverterCalStepdef.java:170)
	at ✽.Then Check the value against &quot;117995&quot;(10_Convert_Celsius_To_Fahrenheit.feature:21)
</failure>
  </testcase>
  <testcase classname="| -65536 | -117932.8 |" name="Given Temperature background check" time="0"/>
  <testcase classname="| -65536 | -117932.8 |" name="Given Google search page with predefined keywords" time="0"/>
  <testcase classname="| -65536 | -117932.8 |" name="When Enter Celsius degree as &quot;-65536&quot;" time="0"/>
  <testcase classname="| -65536 | -117932.8 |" name="Then Check the value against &quot;-117932.8&quot;" time="0"/>
  <testcase classname="| -65536 | -117932.8 |" name="| -65536 | -117932.8 |" time="0.508"/>
  <testcase classname="| 1 | 1.60934 |" name="Given Select &quot;Length&quot; dimension" time="0.001"/>
  <testcase classname="| 1 | 1.60934 |" name="And Select &quot;Mile&quot; unit in left" time="0.001"/>
  <testcase classname="| 1 | 1.60934 |" name="And Select &quot;Kilometre&quot; unit in right" time="0.001"/>
  <testcase classname="| 1 | 1.60934 |" name="When Enter &quot;1&quot; in left input" time="0"/>
  <testcase classname="| 1 | 1.60934 |" name="Then Get &quot;1.60934&quot; on right input" time="0"/>
  <testcase classname="| 1 | 1.60934 |" name="| 1 | 1.60934 |" time="0.378"/>
  <testcase classname="| 0 | 0 |" name="Given Select &quot;Length&quot; dimension" time="0.002"/>
  <testcase classname="| 0 | 0 |" name="And Select &quot;Mile&quot; unit in left" time="0"/>
  <testcase classname="| 0 | 0 |" name="And Select &quot;Kilometre&quot; unit in right" time="0"/>
  <testcase classname="| 0 | 0 |" name="When Enter &quot;0&quot; in left input" time="0"/>
  <testcase classname="| 0 | 0 |" name="Then Get &quot;0&quot; on right input" time="0"/>
  <testcase classname="| 0 | 0 |" name="| 0 | 0 |" time="0.448"/>
</testsuite>